{"meta": {"format": 3, "version": "7.15.0", "timestamp": "2026-07-05T00:35:28.762812", "branch_coverage": true, "show_contexts": false}, "files": {"dbt_feature_flags/base.py": {"executed_lines": [33, 37, 40, 43, 48, 88, 90, 91, 92, 95, 97, 98, 100, 101, 102, 103, 106, 107, 108, 109, 113, 115], "summary": {"covered_lines": 22, "num_statements": 47, "percent_covered": 50.98039215686274, "percent_covered_display": "51", "missing_lines": 25, "excluded_lines": 0, "percent_statements_covered": 46.808510638297875, "percent_statements_covered_display": "47", "num_branches": 4, "num_partial_branches": 0, "covered_branches": 4, "missing_branches": 0, "percent_branches_covered": 100.0, "percent_branches_covered_display": "100"}, "missing_lines": [15, 17, 18, 19, 20, 22, 25, 30, 32, 35, 36, 56, 57, 58, 62, 63, 64, 68, 69, 70, 74, 75, 76, 80, 84], "excluded_lines": [], "executed_branches": [[91, 92], [91, 95], [102, 103], [102, 106]], "missing_branches": [], "functions": {"BaseFeatureFlagsClient.__init__": {"executed_lines": [33], "summary": {"covered_lines": 1, "num_statements": 1, "percent_covered": 100.0, "percent_covered_display": "100", "missing_lines": 0, "excluded_lines": 0, "percent_statements_covered": 100.0, "percent_statements_covered_display": "100", "num_branches": 0, "num_partial_branches": 0, "covered_branches": 0, "missing_branches": 0, "percent_branches_covered": 100.0, "percent_branches_covered_display": "100"}, "missing_lines": [], "excluded_lines": [], "start_line": 32, "executed_branches": [], "missing_branches": []}, "BaseFeatureFlagsClient._add_validators": {"executed_lines": [37, 40, 43, 48], "summary": {"covered_lines": 4, "num_statements": 4, "percent_covered": 100.0, "percent_covered_display": "100", "missing_lines": 0, "excluded_lines": 0, "percent_statements_covered": 100.0, "percent_statements_covered_display": "100", "num_branches": 0, "num_partial_branches": 0, "covered_branches": 0, "missing_branches": 0, "percent_branches_covered": 100.0, "percent_branches_covered_display": "100"}, "missing_lines": [], "excluded_lines": [], "start_line": 36, "executed_branches": [], "missing_branches": []}, "BaseFeatureFlagsClient.bool_variation": {"executed_lines": [], "summary": {"covered_lines": 0, "num_statements": 1, "percent_covered": 0.0, "percent_covered_display": "0", "missing_lines": 1, "excluded_lines": 0, "percent_statements_covered": 0.0, "percent_statements_covered_display": "0", "num_branches": 0, "num_partial_branches": 0, "covered_branches": 0, "missing_branches": 0, "percent_branches_covered": 100.0, "percent_branches_covered_display": "100"}, "missing_lines": [58], "excluded_lines": [], "start_line": 57, "executed_branches": [], "missing_branches": []}, "BaseFeatureFlagsClient.string_variation": {"executed_lines": [], "summary": {"covered_lines": 0, "num_statements": 1, "percent_covered": 0.0, "percent_covered_display": "0", "missing_lines": 1, "excluded_lines": 0, "percent_statements_covered": 0.0, "percent_statements_covered_display": "0", "num_branches": 0, "num_partial_branches": 0, "covered_branches": 0, "missing_branches": 0, "percent_branches_covered": 100.0, "percent_branches_covered_display": "100"}, "missing_lines": [64], "excluded_lines": [], "start_line": 63, "executed_branches": [], "missing_branches": []}, "BaseFeatureFlagsClient.number_variation": {"executed_lines": [], "summary": {"covered_lines": 0, "num_statements": 1, "percent_covered": 0.0, "percent_covered_display": "0", "missing_lines": 1, "excluded_lines": 0, "percent_statements_covered": 0.0, "percent_statements_covered_display": "0", "num_branches": 0, "num_partial_branches": 0, "covered_branches": 0, "missing_branches": 0, "percent_branches_covered": 100.0, "percent_branches_covered_display": "100"}, "missing_lines": [70], "excluded_lines": [], "start_line": 69, "executed_branches": [], "missing_branches": []}, "BaseFeatureFlagsClient.json_variation": {"executed_lines": [], "summary": {"covered_lines": 0, "num_statements": 1, "percent_covered": 0.0, "percent_covered_display": "0", "missing_lines": 1, "excluded_lines": 0, "percent_statements_covered": 0.0, "percent_statements_covered_display": "0", "num_branches": 0, "num_partial_branches": 0, "covered_branches": 0, "missing_branches": 0, "percent_branches_covered": 100.0, "percent_branches_covered_display": "100"}, "missing_lines": [76], "excluded_lines": [], "start_line": 75, "executed_branches": [], "missing_branches": []}, "BaseFeatureFlagsClient.shutdown": {"executed_lines": [], "summary": {"covered_lines": 0, "num_statements": 0, "percent_covered": 100.0, "percent_covered_display": "100", "missing_lines": 0, "excluded_lines": 0, "percent_statements_covered": 100.0, "percent_statements_covered_display": "100", "num_branches": 0, "num_partial_branches": 0, "covered_branches": 0, "missing_branches": 0, "percent_branches_covered": 100.0, "percent_branches_covered_display": "100"}, "missing_lines": [], "excluded_lines": [], "start_line": 80, "executed_branches": [], "missing_branches": []}, "validate": {"executed_lines": [88, 90, 97, 115], "summary": {"covered_lines": 4, "num_statements": 4, "percent_covered": 100.0, "percent_covered_display": "100", "missing_lines": 0, "excluded_lines": 0, "percent_statements_covered": 100.0, "percent_statements_covered_display": "100", "num_branches": 0, "num_partial_branches": 0, "covered_branches": 0, "missing_branches": 0, "percent_branches_covered": 100.0, "percent_branches_covered_display": "100"}, "missing_lines": [], "excluded_lines": [], "start_line": 84, "executed_branches": [], "missing_branches": []}, "validate._validate": {"executed_lines": [91, 92, 95], "summary": {"covered_lines": 3, "num_statements": 3, "percent_covered": 100.0, "percent_covered_display": "100", "missing_lines": 0, "excluded_lines": 0, "percent_statements_covered": 100.0, "percent_statements_covered_display": "100", "num_branches": 2, "num_partial_branches": 0, "covered_branches": 2, "missing_branches": 0, "percent_branches_covered": 100.0, "percent_branches_covered_display": "100"}, "missing_lines": [], "excluded_lines": [], "start_line": 90, "executed_branches": [[91, 92], [91, 95]], "missing_branches": []}, "validate._main": {"executed_lines": [98, 100, 101, 113], "summary": {"covered_lines": 4, "num_statements": 4, "percent_covered": 100.0, "percent_covered_display": "100", "missing_lines": 0, "excluded_lines": 0, "percent_statements_covered": 100.0, "percent_statements_covered_display": "100", "num_branches": 0, "num_partial_branches": 0, "covered_branches": 0, "missing_branches": 0, "percent_branches_covered": 100.0, "percent_branches_covered_display": "100"}, "missing_lines": [], "excluded_lines": [], "start_line": 97, "executed_branches": [], "missing_branches": []}, "validate._main._injected_validator": {"executed_lines": [102, 103, 106, 107, 108, 109], "summary": {"covered_lines": 6, "num_statements": 6, "percent_covered": 100.0, "percent_covered_display": "100", "missing_lines": 0, "excluded_lines": 0, "percent_statements_covered": 100.0, "percent_statements_covered_display": "100", "num_branches": 2, "num_partial_branches": 0, "covered_branches": 2, "missing_branches": 0, "percent_branches_covered": 100.0, "percent_branches_covered_display": "100"}, "missing_lines": [], "excluded_lines": [], "start_line": 101, "executed_branches": [[102, 103], [102, 106]], "missing_branches": []}, "": {"executed_lines": [], "summary": {"covered_lines": 0, "num_statements": 21, "percent_covered": 0.0, "percent_covered_display": "0", "missing_lines": 21, "excluded_lines": 0, "percent_statements_covered": 0.0, "percent_statements_covered_display": "0", "num_branches": 0, "num_partial_branches": 0, "covered_branches": 0, "missing_branches": 0, "percent_branches_covered": 100.0, "percent_branches_covered_display": "100"}, "missing_lines": [15, 17, 18, 19, 20, 22, 25, 30, 32, 35, 36, 56, 57, 62, 63, 68, 69, 74, 75, 80, 84], "excluded_lines": [], "start_line": 1, "executed_branches": [], "missing_branches": []}}, "classes": {"BaseFeatureFlagsClient": {"executed_lines": [33, 37, 40, 43, 48], "summary": {"covered_lines": 5, "num_statements": 9, "percent_covered": 55.55555555555556, "percent_covered_display": "56", "missing_lines": 4, "excluded_lines": 0, "percent_statements_covered": 55.55555555555556, "percent_statements_covered_display": "56", "num_branches": 0, "num_partial_branches": 0, "covered_branches": 0, "missing_branches": 0, "percent_branches_covered": 100.0, "percent_branches_covered_display": "100"}, "missing_lines": [58, 64, 70, 76], "excluded_lines": [], "start_line": 25, "executed_branches": [], "missing_branches": []}, "": {"executed_lines": [88, 90, 91, 92, 95, 97, 98, 100, 101, 102, 103, 106, 107, 108, 109, 113, 115], "summary": {"covered_lines": 17, "num_statements": 38, "percent_covered": 50.0, "percent_covered_display": "50", "missing_lines": 21, "excluded_lines": 0, "percent_statements_covered": 44.73684210526316, "percent_statements_covered_display": "45", "num_branches": 4, "num_partial_branches": 0, "covered_branches": 4, "missing_branches": 0, "percent_branches_covered": 100.0, "percent_branches_covered_display": "100"}, "missing_lines": [15, 17, 18, 19, 20, 22, 25, 30, 32, 35, 36, 56, 57, 62, 63, 68, 69, 74, 75, 80, 84], "excluded_lines": [], "start_line": 1, "executed_branches": [[91, 92], [91, 95], [102, 103], [102, 106]], "missing_branches": []}}}, "dbt_feature_flags/fme.py": {"executed_lines": [48, 49, 50, 51, 78, 79, 82, 83, 86, 89, 90, 92, 93, 94, 95, 98, 99, 100, 101, 102, 103, 104], "summary": {"covered_lines": 22, "num_statements": 52, "percent_covered": 43.54838709677419, "percent_covered_display": "44", "missing_lines": 30, "excluded_lines": 0, "percent_statements_covered": 42.30769230769231, "percent_statements_covered_display": "42", "num_branches": 10, "num_partial_branches": 1, "covered_branches": 5, "missing_branches": 5, "percent_branches_covered": 50.0, "percent_branches_covered_display": "50"}, "missing_lines": [25, 27, 28, 29, 30, 31, 32, 34, 38, 41, 54, 57, 58, 59, 60, 61, 62, 66, 68, 69, 70, 71, 73, 74, 76, 81, 85, 88, 91, 97], "excluded_lines": [], "executed_branches": [[48, -41], [48, 49], [90, 92], [99, 100], [99, 101]], "missing_branches": [[61, 62], [61, 66], [68, 69], [68, 73], [90, 91]], "functions": {"_shutdown_factories": {"executed_lines": [48, 49, 50, 51], "summary": {"covered_lines": 4, "num_statements": 4, "percent_covered": 100.0, "percent_covered_display": "100", "missing_lines": 0, "excluded_lines": 0, "percent_statements_covered": 100.0, "percent_statements_covered_display": "100", "num_branches": 2, "num_partial_branches": 0, "covered_branches": 2, "missing_branches": 0, "percent_branches_covered": 100.0, "percent_branches_covered_display": "100"}, "missing_lines": [], "excluded_lines": [], "start_line": 41, "executed_branches": [[48, -41], [48, 49]], "missing_branches": []}, "HarnessFMEClient.__init__": {"executed_lines": [], "summary": {"covered_lines": 0, "num_statements": 11, "percent_covered": 0.0, "percent_covered_display": "0", "missing_lines": 11, "excluded_lines": 0, "percent_statements_covered": 0.0, "percent_statements_covered_display": "0", "num_branches": 4, "num_partial_branches": 0, "covered_branches": 0, "missing_branches": 4, "percent_branches_covered": 0.0, "percent_branches_covered_display": "0"}, "missing_lines": [59, 60, 61, 62, 66, 68, 69, 70, 71, 73, 74], "excluded_lines": [], "start_line": 58, "executed_branches": [], "missing_branches": [[61, 62], [61, 66], [68, 69], [68, 73]]}, "HarnessFMEClient._get_treatment": {"executed_lines": [78, 79], "summary": {"covered_lines": 2, "num_statements": 2, "percent_covered": 100.0, "percent_covered_display": "100", "missing_lines": 0, "excluded_lines": 0, "percent_statements_covered": 100.0, "percent_statements_covered_display": "100", "num_branches": 0, "num_partial_branches": 0, "covered_branches": 0, "missing_branches": 0, "percent_branches_covered": 100.0, "percent_branches_covered_display": "100"}, "missing_lines": [], "excluded_lines": [], "start_line": 76, "executed_branches": [], "missing_branches": []}, "HarnessFMEClient.bool_variation": {"executed_lines": [82, 83], "summary": {"covered_lines": 2, "num_statements": 2, "percent_covered": 100.0, "percent_covered_display": "100", "missing_lines": 0, "excluded_lines": 0, "percent_statements_covered": 100.0, "percent_statements_covered_display": "100", "num_branches": 0, "num_partial_branches": 0, "covered_branches": 0, "missing_branches": 0, "percent_branches_covered": 100.0, "percent_branches_covered_display": "100"}, "missing_lines": [], "excluded_lines": [], "start_line": 81, "executed_branches": [], "missing_branches": []}, "HarnessFMEClient.string_variation": {"executed_lines": [86], "summary": {"covered_lines": 1, "num_statements": 1, "percent_covered": 100.0, "percent_covered_display": "100", "missing_lines": 0, "excluded_lines": 0, "percent_statements_covered": 100.0, "percent_statements_covered_display": "100", "num_branches": 0, "num_partial_branches": 0, "covered_branches": 0, "missing_branches": 0, "percent_branches_covered": 100.0, "percent_branches_covered_display": "100"}, "missing_lines": [], "excluded_lines": [], "start_line": 85, "executed_branches": [], "missing_branches": []}, "HarnessFMEClient.number_variation": {"executed_lines": [89, 90, 92, 93, 94, 95], "summary": {"covered_lines": 6, "num_statements": 7, "percent_covered": 77.77777777777777, "percent_covered_display": "78", "missing_lines": 1, "excluded_lines": 0, "percent_statements_covered": 85.71428571428571, "percent_statements_covered_display": "86", "num_branches": 2, "num_partial_branches": 1, "covered_branches": 1, "missing_branches": 1, "percent_branches_covered": 50.0, "percent_branches_covered_display": "50"}, "missing_lines": [91], "excluded_lines": [], "start_line": 88, "executed_branches": [[90, 92]], "missing_branches": [[90, 91]]}, "HarnessFMEClient.json_variation": {"executed_lines": [98, 99, 100, 101, 102, 103, 104], "summary": {"covered_lines": 7, "num_statements": 7, "percent_covered": 100.0, "percent_covered_display": "100", "missing_lines": 0, "excluded_lines": 0, "percent_statements_covered": 100.0, "percent_statements_covered_display": "100", "num_branches": 2, "num_partial_branches": 0, "covered_branches": 2, "missing_branches": 0, "percent_branches_covered": 100.0, "percent_branches_covered_display": "100"}, "missing_lines": [], "excluded_lines": [], "start_line": 97, "executed_branches": [[99, 100], [99, 101]], "missing_branches": []}, "": {"executed_lines": [], "summary": {"covered_lines": 0, "num_statements": 18, "percent_covered": 0.0, "percent_covered_display": "0", "missing_lines": 18, "excluded_lines": 0, "percent_statements_covered": 0.0, "percent_statements_covered_display": "0", "num_branches": 0, "num_partial_branches": 0, "covered_branches": 0, "missing_branches": 0, "percent_branches_covered": 100.0, "percent_branches_covered_display": "100"}, "missing_lines": [25, 27, 28, 29, 30, 31, 32, 34, 38, 41, 54, 57, 58, 76, 81, 85, 88, 97], "excluded_lines": [], "start_line": 1, "executed_branches": [], "missing_branches": []}}, "classes": {"HarnessFMEClient": {"executed_lines": [78, 79, 82, 83, 86, 89, 90, 92, 93, 94, 95, 98, 99, 100, 101, 102, 103, 104], "summary": {"covered_lines": 18, "num_statements": 30, "percent_covered": 55.26315789473684, "percent_covered_display": "55", "missing_lines": 12, "excluded_lines": 0, "percent_statements_covered": 60.0, "percent_statements_covered_display": "60", "num_branches": 8, "num_partial_branches": 1, "covered_branches": 3, "missing_branches": 5, "percent_branches_covered": 37.5, "percent_branches_covered_display": "38"}, "missing_lines": [59, 60, 61, 62, 66, 68, 69, 70, 71, 73, 74, 91], "excluded_lines": [], "start_line": 57, "executed_branches": [[90, 92], [99, 100], [99, 101]], "missing_branches": [[61, 62], [61, 66], [68, 69], [68, 73], [90, 91]]}, "": {"executed_lines": [48, 49, 50, 51], "summary": {"covered_lines": 4, "num_statements": 22, "percent_covered": 25.0, "percent_covered_display": "25", "missing_lines": 18, "excluded_lines": 0, "percent_statements_covered": 18.181818181818183, "percent_statements_covered_display": "18", "num_branches": 2, "num_partial_branches": 0, "covered_branches": 2, "missing_branches": 0, "percent_branches_covered": 100.0, "percent_branches_covered_display": "100"}, "missing_lines": [25, 27, 28, 29, 30, 31, 32, 34, 38, 41, 54, 57, 58, 76, 81, 85, 88, 97], "excluded_lines": [], "start_line": 1, "executed_branches": [[48, -41], [48, 49]], "missing_branches": []}}}, "dbt_feature_flags/harness.py": {"executed_lines": [87, 90, 93, 96], "summary": {"covered_lines": 4, "num_statements": 48, "percent_covered": 7.407407407407407, "percent_covered_display": "7", "missing_lines": 44, "excluded_lines": 0, "percent_statements_covered": 8.333333333333334, "percent_statements_covered_display": "8", "num_branches": 6, "num_partial_branches": 0, "covered_branches": 0, "missing_branches": 6, "percent_branches_covered": 0.0, "percent_branches_covered_display": "0"}, "missing_lines": [15, 16, 18, 21, 22, 24, 25, 27, 30, 33, 34, 35, 36, 37, 38, 39, 42, 44, 45, 46, 47, 50, 51, 52, 53, 54, 56, 57, 58, 61, 62, 63, 66, 67, 70, 76, 77, 78, 83, 84, 86, 89, 92, 95], "excluded_lines": [], "executed_branches": [], "missing_branches": [[61, 62], [61, 63], [66, -45], [66, 67], [77, 78], [77, 83]], "functions": {"HarnessFeatureFlagsClient.__init__": {"executed_lines": [], "summary": {"covered_lines": 0, "num_statements": 20, "percent_covered": 0.0, "percent_covered_display": "0", "missing_lines": 20, "excluded_lines": 0, "percent_statements_covered": 0.0, "percent_statements_covered_display": "0", "num_branches": 2, "num_partial_branches": 0, "covered_branches": 0, "missing_branches": 2, "percent_branches_covered": 0.0, "percent_branches_covered_display": "0"}, "missing_lines": [24, 25, 27, 30, 33, 34, 35, 36, 37, 38, 39, 42, 44, 45, 70, 76, 77, 78, 83, 84], "excluded_lines": [], "start_line": 22, "executed_branches": [], "missing_branches": [[77, 78], [77, 83]]}, "HarnessFeatureFlagsClient.__init__.CfSyncClient.__init__": {"executed_lines": [], "summary": {"covered_lines": 0, "num_statements": 15, "percent_covered": 0.0, "percent_covered_display": "0", "missing_lines": 15, "excluded_lines": 0, "percent_statements_covered": 0.0, "percent_statements_covered_display": "0", "num_branches": 4, "num_partial_branches": 0, "covered_branches": 0, "missing_branches": 4, "percent_branches_covered": 0.0, "percent_branches_covered_display": "0"}, "missing_lines": [46, 47, 50, 51, 52, 53, 54, 56, 57, 58, 61, 62, 63, 66, 67], "excluded_lines": [], "start_line": 45, "executed_branches": [], "missing_branches": [[61, 62], [61, 63], [66, -45], [66, 67]]}, "HarnessFeatureFlagsClient.bool_variation": {"executed_lines": [87], "summary": {"covered_lines": 1, "num_statements": 1, "percent_covered": 100.0, "percent_covered_display": "100", "missing_lines": 0, "excluded_lines": 0, "percent_statements_covered": 100.0, "percent_statements_covered_display": "100", "num_branches": 0, "num_partial_branches": 0, "covered_branches": 0, "missing_branches": 0, "percent_branches_covered": 100.0, "percent_branches_covered_display": "100"}, "missing_lines": [], "excluded_lines": [], "start_line": 86, "executed_branches": [], "missing_branches": []}, "HarnessFeatureFlagsClient.string_variation": {"executed_lines": [90], "summary": {"covered_lines": 1, "num_statements": 1, "percent_covered": 100.0, "percent_covered_display": "100", "missing_lines": 0, "excluded_lines": 0, "percent_statements_covered": 100.0, "percent_statements_covered_display": "100", "num_branches": 0, "num_partial_branches": 0, "covered_branches": 0, "missing_branches": 0, "percent_branches_covered": 100.0, "percent_branches_covered_display": "100"}, "missing_lines": [], "excluded_lines": [], "start_line": 89, "executed_branches": [], "missing_branches": []}, "HarnessFeatureFlagsClient.number_variation": {"executed_lines": [93], "summary": {"covered_lines": 1, "num_statements": 1, "percent_covered": 100.0, "percent_covered_display": "100", "missing_lines": 0, "excluded_lines": 0, "percent_statements_covered": 100.0, "percent_statements_covered_display": "100", "num_branches": 0, "num_partial_branches": 0, "covered_branches": 0, "missing_branches": 0, "percent_branches_covered": 100.0, "percent_branches_covered_display": "100"}, "missing_lines": [], "excluded_lines": [], "start_line": 92, "executed_branches": [], "missing_branches": []}, "HarnessFeatureFlagsClient.json_variation": {"executed_lines": [96], "summary": {"covered_lines": 1, "num_statements": 1, "percent_covered": 100.0, "percent_covered_display": "100", "missing_lines": 0, "excluded_lines": 0, "percent_statements_covered": 100.0, "percent_statements_covered_display": "100", "num_branches": 0, "num_partial_branches": 0, "covered_branches": 0, "missing_branches": 0, "percent_branches_covered": 100.0, "percent_branches_covered_display": "100"}, "missing_lines": [], "excluded_lines": [], "start_line": 95, "executed_branches": [], "missing_branches": []}, "": {"executed_lines": [], "summary": {"covered_lines": 0, "num_statements": 9, "percent_covered": 0.0, "percent_covered_display": "0", "missing_lines": 9, "excluded_lines": 0, "percent_statements_covered": 0.0, "percent_statements_covered_display": "0", "num_branches": 0, "num_partial_branches": 0, "covered_branches": 0, "missing_branches": 0, "percent_branches_covered": 100.0, "percent_branches_covered_display": "100"}, "missing_lines": [15, 16, 18, 21, 22, 86, 89, 92, 95], "excluded_lines": [], "start_line": 1, "executed_branches": [], "missing_branches": []}}, "classes": {"HarnessFeatureFlagsClient": {"executed_lines": [87, 90, 93, 96], "summary": {"covered_lines": 4, "num_statements": 24, "percent_covered": 15.384615384615385, "percent_covered_display": "15", "missing_lines": 20, "excluded_lines": 0, "percent_statements_covered": 16.666666666666668, "percent_statements_covered_display": "17", "num_branches": 2, "num_partial_branches": 0, "covered_branches": 0, "missing_branches": 2, "percent_branches_covered": 0.0, "percent_branches_covered_display": "0"}, "missing_lines": [24, 25, 27, 30, 33, 34, 35, 36, 37, 38, 39, 42, 44, 45, 70, 76, 77, 78, 83, 84], "excluded_lines": [], "start_line": 21, "executed_branches": [], "missing_branches": [[77, 78], [77, 83]]}, "HarnessFeatureFlagsClient.__init__.CfSyncClient": {"executed_lines": [], "summary": {"covered_lines": 0, "num_statements": 15, "percent_covered": 0.0, "percent_covered_display": "0", "missing_lines": 15, "excluded_lines": 0, "percent_statements_covered": 0.0, "percent_statements_covered_display": "0", "num_branches": 4, "num_partial_branches": 0, "covered_branches": 0, "missing_branches": 4, "percent_branches_covered": 0.0, "percent_branches_covered_display": "0"}, "missing_lines": [46, 47, 50, 51, 52, 53, 54, 56, 57, 58, 61, 62, 63, 66, 67], "excluded_lines": [], "start_line": 44, "executed_branches": [], "missing_branches": [[61, 62], [61, 63], [66, -45], [66, 67]]}, "": {"executed_lines": [], "summary": {"covered_lines": 0, "num_statements": 9, "percent_covered": 0.0, "percent_covered_display": "0", "missing_lines": 9, "excluded_lines": 0, "percent_statements_covered": 0.0, "percent_statements_covered_display": "0", "num_branches": 0, "num_partial_branches": 0, "covered_branches": 0, "missing_branches": 0, "percent_branches_covered": 100.0, "percent_branches_covered_display": "100"}, "missing_lines": [15, 16, 18, 21, 22, 86, 89, 92, 95], "excluded_lines": [], "start_line": 1, "executed_branches": [], "missing_branches": []}}}, "dbt_feature_flags/launchdarkly.py": {"executed_lines": [59, 68], "summary": {"covered_lines": 2, "num_statements": 29, "percent_covered": 6.0606060606060606, "percent_covered_display": "6", "missing_lines": 27, "excluded_lines": 0, "percent_statements_covered": 6.896551724137931, "percent_statements_covered_display": "7", "num_branches": 4, "num_partial_branches": 0, "covered_branches": 0, "missing_branches": 4, "percent_branches_covered": 0.0, "percent_branches_covered_display": "0"}, "missing_lines": [15, 16, 18, 21, 22, 24, 25, 27, 28, 31, 37, 38, 39, 44, 45, 46, 47, 52, 53, 55, 56, 58, 61, 62, 64, 65, 67], "excluded_lines": [], "executed_branches": [], "missing_branches": [[38, 39], [38, 44], [46, 47], [46, 52]], "functions": {"LaunchDarklyFeatureFlagsClient.__init__": {"executed_lines": [], "summary": {"covered_lines": 0, "num_statements": 15, "percent_covered": 0.0, "percent_covered_display": "0", "missing_lines": 15, "excluded_lines": 0, "percent_statements_covered": 0.0, "percent_statements_covered_display": "0", "num_branches": 4, "num_partial_branches": 0, "covered_branches": 0, "missing_branches": 4, "percent_branches_covered": 0.0, "percent_branches_covered_display": "0"}, "missing_lines": [24, 25, 27, 28, 31, 37, 38, 39, 44, 45, 46, 47, 52, 55, 56], "excluded_lines": [], "start_line": 22, "executed_branches": [], "missing_branches": [[38, 39], [38, 44], [46, 47], [46, 52]]}, "LaunchDarklyFeatureFlagsClient.__init__.exit_handler": {"executed_lines": [], "summary": {"covered_lines": 0, "num_statements": 1, "percent_covered": 0.0, "percent_covered_display": "0", "missing_lines": 1, "excluded_lines": 0, "percent_statements_covered": 0.0, "percent_statements_covered_display": "0", "num_branches": 0, "num_partial_branches": 0, "covered_branches": 0, "missing_branches": 0, "percent_branches_covered": 100.0, "percent_branches_covered_display": "100"}, "missing_lines": [53], "excluded_lines": [], "start_line": 52, "executed_branches": [], "missing_branches": []}, "LaunchDarklyFeatureFlagsClient.bool_variation": {"executed_lines": [59], "summary": {"covered_lines": 1, "num_statements": 1, "percent_covered": 100.0, "percent_covered_display": "100", "missing_lines": 0, "excluded_lines": 0, "percent_statements_covered": 100.0, "percent_statements_covered_display": "100", "num_branches": 0, "num_partial_branches": 0, "covered_branches": 0, "missing_branches": 0, "percent_branches_covered": 100.0, "percent_branches_covered_display": "100"}, "missing_lines": [], "excluded_lines": [], "start_line": 58, "executed_branches": [], "missing_branches": []}, "LaunchDarklyFeatureFlagsClient.string_variation": {"executed_lines": [], "summary": {"covered_lines": 0, "num_statements": 1, "percent_covered": 0.0, "percent_covered_display": "0", "missing_lines": 1, "excluded_lines": 0, "percent_statements_covered": 0.0, "percent_statements_covered_display": "0", "num_branches": 0, "num_partial_branches": 0, "covered_branches": 0, "missing_branches": 0, "percent_branches_covered": 100.0, "percent_branches_covered_display": "100"}, "missing_lines": [62], "excluded_lines": [], "start_line": 61, "executed_branches": [], "missing_branches": []}, "LaunchDarklyFeatureFlagsClient.number_variation": {"executed_lines": [], "summary": {"covered_lines": 0, "num_statements": 1, "percent_covered": 0.0, "percent_covered_display": "0", "missing_lines": 1, "excluded_lines": 0, "percent_statements_covered": 0.0, "percent_statements_covered_display": "0", "num_branches": 0, "num_partial_branches": 0, "covered_branches": 0, "missing_branches": 0, "percent_branches_covered": 100.0, "percent_branches_covered_display": "100"}, "missing_lines": [65], "excluded_lines": [], "start_line": 64, "executed_branches": [], "missing_branches": []}, "LaunchDarklyFeatureFlagsClient.json_variation": {"executed_lines": [68], "summary": {"covered_lines": 1, "num_statements": 1, "percent_covered": 100.0, "percent_covered_display": "100", "missing_lines": 0, "excluded_lines": 0, "percent_statements_covered": 100.0, "percent_statements_covered_display": "100", "num_branches": 0, "num_partial_branches": 0, "covered_branches": 0, "missing_branches": 0, "percent_branches_covered": 100.0, "percent_branches_covered_display": "100"}, "missing_lines": [], "excluded_lines": [], "start_line": 67, "executed_branches": [], "missing_branches": []}, "": {"executed_lines": [], "summary": {"covered_lines": 0, "num_statements": 9, "percent_covered": 0.0, "percent_covered_display": "0", "missing_lines": 9, "excluded_lines": 0, "percent_statements_covered": 0.0, "percent_statements_covered_display": "0", "num_branches": 0, "num_partial_branches": 0, "covered_branches": 0, "missing_branches": 0, "percent_branches_covered": 100.0, "percent_branches_covered_display": "100"}, "missing_lines": [15, 16, 18, 21, 22, 58, 61, 64, 67], "excluded_lines": [], "start_line": 1, "executed_branches": [], "missing_branches": []}}, "classes": {"LaunchDarklyFeatureFlagsClient": {"executed_lines": [59, 68], "summary": {"covered_lines": 2, "num_statements": 20, "percent_covered": 8.333333333333334, "percent_covered_display": "8", "missing_lines": 18, "excluded_lines": 0, "percent_statements_covered": 10.0, "percent_statements_covered_display": "10", "num_branches": 4, "num_partial_branches": 0, "covered_branches": 0, "missing_branches": 4, "percent_branches_covered": 0.0, "percent_branches_covered_display": "0"}, "missing_lines": [24, 25, 27, 28, 31, 37, 38, 39, 44, 45, 46, 47, 52, 53, 55, 56, 62, 65], "excluded_lines": [], "start_line": 21, "executed_branches": [], "missing_branches": [[38, 39], [38, 44], [46, 47], [46, 52]]}, "": {"executed_lines": [], "summary": {"covered_lines": 0, "num_statements": 9, "percent_covered": 0.0, "percent_covered_display": "0", "missing_lines": 9, "excluded_lines": 0, "percent_statements_covered": 0.0, "percent_statements_covered_display": "0", "num_branches": 0, "num_partial_branches": 0, "covered_branches": 0, "missing_branches": 0, "percent_branches_covered": 100.0, "percent_branches_covered_display": "100"}, "missing_lines": [15, 16, 18, 21, 22, 58, 61, 64, 67], "excluded_lines": [], "start_line": 1, "executed_branches": [], "missing_branches": []}}}, "dbt_feature_flags/patch.py": {"executed_lines": [40, 48, 50, 51, 53, 54, 56, 57, 58, 59, 63, 64, 65, 66, 67, 68, 79, 82, 83, 90, 91, 92, 93, 94, 103, 105, 106, 111, 113, 114, 115], "summary": {"covered_lines": 31, "num_statements": 58, "percent_covered": 56.75675675675676, "percent_covered_display": "57", "missing_lines": 27, "excluded_lines": 0, "percent_statements_covered": 53.44827586206897, "percent_statements_covered_display": "53", "num_branches": 16, "num_partial_branches": 3, "covered_branches": 11, "missing_branches": 5, "percent_branches_covered": 68.75, "percent_branches_covered_display": "69"}, "missing_lines": [14, 16, 17, 18, 19, 21, 24, 25, 28, 31, 32, 33, 34, 35, 38, 43, 70, 73, 80, 98, 99, 100, 101, 102, 109, 118, 119], "excluded_lines": [], "executed_branches": [[50, 51], [50, 53], [53, 54], [53, 56], [63, 64], [63, 65], [65, 66], [65, 67], [67, 68], [79, 82], [90, 91]], "missing_branches": [[67, 70], [79, 80], [90, 98], [118, -1], [118, 119]], "functions": {"_is_truthy": {"executed_lines": [40], "summary": {"covered_lines": 1, "num_statements": 1, "percent_covered": 100.0, "percent_covered_display": "100", "missing_lines": 0, "excluded_lines": 0, "percent_statements_covered": 100.0, "percent_statements_covered_display": "100", "num_branches": 0, "num_partial_branches": 0, "covered_branches": 0, "missing_branches": 0, "percent_branches_covered": 100.0, "percent_branches_covered_display": "100"}, "missing_lines": [], "excluded_lines": [], "start_line": 38, "executed_branches": [], "missing_branches": []}, "_get_client": {"executed_lines": [48, 50, 51, 53, 54, 56, 57, 58, 59, 63, 64, 65, 66, 67, 68], "summary": {"covered_lines": 15, "num_statements": 16, "percent_covered": 92.3076923076923, "percent_covered_display": "92", "missing_lines": 1, "excluded_lines": 0, "percent_statements_covered": 93.75, "percent_statements_covered_display": "94", "num_branches": 10, "num_partial_branches": 1, "covered_branches": 9, "missing_branches": 1, "percent_branches_covered": 90.0, "percent_branches_covered_display": "90"}, "missing_lines": [70], "excluded_lines": [], "start_line": 43, "executed_branches": [[50, 51], [50, 53], [53, 54], [53, 56], [63, 64], [63, 65], [65, 66], [65, 67], [67, 68]], "missing_branches": [[67, 70]]}, "get_rendered": {"executed_lines": [79, 82, 83, 105, 106], "summary": {"covered_lines": 5, "num_statements": 6, "percent_covered": 75.0, "percent_covered_display": "75", "missing_lines": 1, "excluded_lines": 0, "percent_statements_covered": 83.33333333333333, "percent_statements_covered_display": "83", "num_branches": 2, "num_partial_branches": 1, "covered_branches": 1, "missing_branches": 1, "percent_branches_covered": 50.0, "percent_branches_covered_display": "50"}, "missing_lines": [80], "excluded_lines": [], "start_line": 73, "executed_branches": [[79, 82]], "missing_branches": [[79, 80]]}, "get_rendered._wrapped": {"executed_lines": [90, 91, 92, 93, 94, 103], "summary": {"covered_lines": 6, "num_statements": 11, "percent_covered": 53.84615384615385, "percent_covered_display": "54", "missing_lines": 5, "excluded_lines": 0, "percent_statements_covered": 54.54545454545455, "percent_statements_covered_display": "55", "num_branches": 2, "num_partial_branches": 1, "covered_branches": 1, "missing_branches": 1, "percent_branches_covered": 50.0, "percent_branches_covered_display": "50"}, "missing_lines": [98, 99, 100, 101, 102], "excluded_lines": [], "start_line": 83, "executed_branches": [[90, 91]], "missing_branches": [[90, 98]]}, "patch_dbt_environment": {"executed_lines": [111, 113, 114, 115], "summary": {"covered_lines": 4, "num_statements": 4, "percent_covered": 100.0, "percent_covered_display": "100", "missing_lines": 0, "excluded_lines": 0, "percent_statements_covered": 100.0, "percent_statements_covered_display": "100", "num_branches": 0, "num_partial_branches": 0, "covered_branches": 0, "missing_branches": 0, "percent_branches_covered": 100.0, "percent_branches_covered_display": "100"}, "missing_lines": [], "excluded_lines": [], "start_line": 109, "executed_branches": [], "missing_branches": []}, "": {"executed_lines": [], "summary": {"covered_lines": 0, "num_statements": 20, "percent_covered": 0.0, "percent_covered_display": "0", "missing_lines": 20, "excluded_lines": 0, "percent_statements_covered": 0.0, "percent_statements_covered_display": "0", "num_branches": 2, "num_partial_branches": 0, "covered_branches": 0, "missing_branches": 2, "percent_branches_covered": 0.0, "percent_branches_covered_display": "0"}, "missing_lines": [14, 16, 17, 18, 19, 21, 24, 25, 28, 31, 32, 33, 34, 35, 38, 43, 73, 109, 118, 119], "excluded_lines": [], "start_line": 1, "executed_branches": [], "missing_branches": [[118, -1], [118, 119]]}}, "classes": {"_MockClient": {"executed_lines": [], "summary": {"covered_lines": 0, "num_statements": 0, "percent_covered": 100.0, "percent_covered_display": "100", "missing_lines": 0, "excluded_lines": 0, "percent_statements_covered": 100.0, "percent_statements_covered_display": "100", "num_branches": 0, "num_partial_branches": 0, "covered_branches": 0, "missing_branches": 0, "percent_branches_covered": 100.0, "percent_branches_covered_display": "100"}, "missing_lines": [], "excluded_lines": [], "start_line": 24, "executed_branches": [], "missing_branches": []}, "SupportedProviders": {"executed_lines": [], "summary": {"covered_lines": 0, "num_statements": 0, "percent_covered": 100.0, "percent_covered_display": "100", "missing_lines": 0, "excluded_lines": 0, "percent_statements_covered": 100.0, "percent_statements_covered_display": "100", "num_branches": 0, "num_partial_branches": 0, "covered_branches": 0, "missing_branches": 0, "percent_branches_covered": 100.0, "percent_branches_covered_display": "100"}, "missing_lines": [], "excluded_lines": [], "start_line": 31, "executed_branches": [], "missing_branches": []}, "": {"executed_lines": [40, 48, 50, 51, 53, 54, 56, 57, 58, 59, 63, 64, 65, 66, 67, 68, 79, 82, 83, 90, 91, 92, 93, 94, 103, 105, 106, 111, 113, 114, 115], "summary": {"covered_lines": 31, "num_statements": 58, "percent_covered": 56.75675675675676, "percent_covered_display": "57", "missing_lines": 27, "excluded_lines": 0, "percent_statements_covered": 53.44827586206897, "percent_statements_covered_display": "53", "num_branches": 16, "num_partial_branches": 3, "covered_branches": 11, "missing_branches": 5, "percent_branches_covered": 68.75, "percent_branches_covered_display": "69"}, "missing_lines": [14, 16, 17, 18, 19, 21, 24, 25, 28, 31, 32, 33, 34, 35, 38, 43, 70, 73, 80, 98, 99, 100, 101, 102, 109, 118, 119], "excluded_lines": [], "start_line": 1, "executed_branches": [[50, 51], [50, 53], [53, 54], [53, 56], [63, 64], [63, 65], [65, 66], [65, 67], [67, 68], [79, 82], [90, 91]], "missing_branches": [[67, 70], [79, 80], [90, 98], [118, -1], [118, 119]]}}}, "dbt_feature_flags/preflight.py": {"executed_lines": [33, 35, 36, 37, 38, 40, 43, 54, 56, 57, 58, 60, 62, 63, 64, 66, 67, 68, 71, 72, 78, 79, 80, 81, 82, 84, 87, 88, 91, 116], "summary": {"covered_lines": 30, "num_statements": 36, "percent_covered": 84.0909090909091, "percent_covered_display": "84", "missing_lines": 6, "excluded_lines": 0, "percent_statements_covered": 83.33333333333333, "percent_statements_covered_display": "83", "num_branches": 8, "num_partial_branches": 1, "covered_branches": 7, "missing_branches": 1, "percent_branches_covered": 87.5, "percent_branches_covered_display": "88"}, "missing_lines": [93, 99, 106, 112, 113, 117], "excluded_lines": [], "executed_branches": [[62, 63], [62, 66], [78, 79], [78, 84], [80, 81], [80, 82], [116, -1]], "missing_branches": [[116, 117]], "functions": {"run": {"executed_lines": [54, 56, 57, 58, 60, 62, 63, 64, 66, 67, 68, 71, 72, 78, 79, 80, 81, 82, 84, 87, 88], "summary": {"covered_lines": 21, "num_statements": 21, "percent_covered": 100.0, "percent_covered_display": "100", "missing_lines": 0, "excluded_lines": 0, "percent_statements_covered": 100.0, "percent_statements_covered_display": "100", "num_branches": 6, "num_partial_branches": 0, "covered_branches": 6, "missing_branches": 0, "percent_branches_covered": 100.0, "percent_branches_covered_display": "100"}, "missing_lines": [], "excluded_lines": [], "start_line": 43, "executed_branches": [[62, 63], [62, 66], [78, 79], [78, 84], [80, 81], [80, 82]], "missing_branches": []}, "cli": {"executed_lines": [], "summary": {"covered_lines": 0, "num_statements": 5, "percent_covered": 0.0, "percent_covered_display": "0", "missing_lines": 5, "excluded_lines": 0, "percent_statements_covered": 0.0, "percent_statements_covered_display": "0", "num_branches": 0, "num_partial_branches": 0, "covered_branches": 0, "missing_branches": 0, "percent_branches_covered": 100.0, "percent_branches_covered_display": "100"}, "missing_lines": [93, 99, 106, 112, 113], "excluded_lines": [], "start_line": 91, "executed_branches": [], "missing_branches": []}, "": {"executed_lines": [33, 35, 36, 37, 38, 40, 43, 91, 116], "summary": {"covered_lines": 9, "num_statements": 10, "percent_covered": 83.33333333333333, "percent_covered_display": "83", "missing_lines": 1, "excluded_lines": 0, "percent_statements_covered": 90.0, "percent_statements_covered_display": "90", "num_branches": 2, "num_partial_branches": 1, "covered_branches": 1, "missing_branches": 1, "percent_branches_covered": 50.0, "percent_branches_covered_display": "50"}, "missing_lines": [117], "excluded_lines": [], "start_line": 1, "executed_branches": [[116, -1]], "missing_branches": [[116, 117]]}}, "classes": {"": {"executed_lines": [33, 35, 36, 37, 38, 40, 43, 54, 56, 57, 58, 60, 62, 63, 64, 66, 67, 68, 71, 72, 78, 79, 80, 81, 82, 84, 87, 88, 91, 116], "summary": {"covered_lines": 30, "num_statements": 36, "percent_covered": 84.0909090909091, "percent_covered_display": "84", "missing_lines": 6, "excluded_lines": 0, "percent_statements_covered": 83.33333333333333, "percent_statements_covered_display": "83", "num_branches": 8, "num_partial_branches": 1, "covered_branches": 7, "missing_branches": 1, "percent_branches_covered": 87.5, "percent_branches_covered_display": "88"}, "missing_lines": [93, 99, 106, 112, 113, 117], "excluded_lines": [], "start_line": 1, "executed_branches": [[62, 63], [62, 66], [78, 79], [78, 84], [80, 81], [80, 82], [116, -1]], "missing_branches": [[116, 117]]}}}, "tests/__init__.py": {"executed_lines": [], "summary": {"covered_lines": 0, "num_statements": 0, "percent_covered": 100.0, "percent_covered_display": "100", "missing_lines": 0, "excluded_lines": 0, "percent_statements_covered": 100.0, "percent_statements_covered_display": "100", "num_branches": 0, "num_partial_branches": 0, "covered_branches": 0, "missing_branches": 0, "percent_branches_covered": 100.0, "percent_branches_covered_display": "100"}, "missing_lines": [], "excluded_lines": [], "executed_branches": [], "missing_branches": [], "functions": {"": {"executed_lines": [], "summary": {"covered_lines": 0, "num_statements": 0, "percent_covered": 100.0, "percent_covered_display": "100", "missing_lines": 0, "excluded_lines": 0, "percent_statements_covered": 100.0, "percent_statements_covered_display": "100", "num_branches": 0, "num_partial_branches": 0, "covered_branches": 0, "missing_branches": 0, "percent_branches_covered": 100.0, "percent_branches_covered_display": "100"}, "missing_lines": [], "excluded_lines": [], "start_line": 1, "executed_branches": [], "missing_branches": []}}, "classes": {"": {"executed_lines": [], "summary": {"covered_lines": 0, "num_statements": 0, "percent_covered": 100.0, "percent_covered_display": "100", "missing_lines": 0, "excluded_lines": 0, "percent_statements_covered": 100.0, "percent_statements_covered_display": "100", "num_branches": 0, "num_partial_branches": 0, "covered_branches": 0, "missing_branches": 0, "percent_branches_covered": 100.0, "percent_branches_covered_display": "100"}, "missing_lines": [], "excluded_lines": [], "start_line": 1, "executed_branches": [], "missing_branches": []}}}, "tests/test_dbt_feature_flags.py": {"executed_lines": [1, 2, 3, 4, 6, 8, 9, 10, 12, 15, 20, 32, 72, 79, 80, 82, 88, 91, 92, 93, 95, 98, 99, 100, 102, 105, 106, 107, 109, 110, 113, 121, 127, 129, 130, 131, 132, 134, 137, 138, 139, 140, 141, 142, 145, 146, 149, 152, 155, 156, 159, 160, 161, 164, 165, 166, 169, 170, 172, 173, 176, 177, 179, 180, 183, 184, 186, 187, 190, 191, 193, 194, 197, 198, 199, 200, 201, 203, 204, 206, 207, 210, 213, 214, 215, 216, 217, 218, 219, 222, 225, 227, 228, 230, 232, 235, 238, 240, 243, 244, 246, 248, 249, 250, 253, 256, 258, 261, 262, 264, 266, 267, 268, 271, 272, 273, 275, 276, 278, 281, 283, 286, 289, 290, 292, 293, 294, 295, 297, 298, 299, 300, 306, 307, 308, 310, 311, 312, 315, 316, 318, 319, 320, 321, 322, 324, 325, 326, 332, 333, 334, 341, 347, 348, 350, 351, 354, 355, 357, 358, 359, 360, 362, 363, 364, 365, 366, 367, 368, 369, 372, 373, 375, 376, 377, 379, 380, 381, 383, 384, 385, 386, 388, 390], "summary": {"covered_lines": 184, "num_statements": 187, "percent_covered": 98.39572192513369, "percent_covered_display": "98", "missing_lines": 3, "excluded_lines": 0, "percent_statements_covered": 98.39572192513369, "percent_statements_covered_display": "98", "num_branches": 0, "num_partial_branches": 0, "covered_branches": 0, "missing_branches": 0, "percent_branches_covered": 100.0, "percent_branches_covered_display": "100"}, "missing_lines": [147, 150, 153], "excluded_lines": [], "executed_branches": [], "missing_branches": [], "functions": {"feature_flag_template": {"executed_lines": [20], "summary": {"covered_lines": 1, "num_statements": 1, "percent_covered": 100.0, "percent_covered_display": "100", "missing_lines": 0, "excluded_lines": 0, "percent_statements_covered": 100.0, "percent_statements_covered_display": "100", "num_branches": 0, "num_partial_branches": 0, "covered_branches": 0, "missing_branches": 0, "percent_branches_covered": 100.0, "percent_branches_covered_display": "100"}, "missing_lines": [], "excluded_lines": [], "start_line": 15, "executed_branches": [], "missing_branches": []}, "test_mock_feature_flag_rendering": {"executed_lines": [79, 80, 82, 88], "summary": {"covered_lines": 4, "num_statements": 4, "percent_covered": 100.0, "percent_covered_display": "100", "missing_lines": 0, "excluded_lines": 0, "percent_statements_covered": 100.0, "percent_statements_covered_display": "100", "num_branches": 0, "num_partial_branches": 0, "covered_branches": 0, "missing_branches": 0, "percent_branches_covered": 100.0, "percent_branches_covered_display": "100"}, "missing_lines": [], "excluded_lines": [], "start_line": 72, "executed_branches": [], "missing_branches": []}, "test_get_client_defaults_to_mock": {"executed_lines": [92, 93, 95], "summary": {"covered_lines": 3, "num_statements": 3, "percent_covered": 100.0, "percent_covered_display": "100", "missing_lines": 0, "excluded_lines": 0, "percent_statements_covered": 100.0, "percent_statements_covered_display": "100", "num_branches": 0, "num_partial_branches": 0, "covered_branches": 0, "missing_branches": 0, "percent_branches_covered": 100.0, "percent_branches_covered_display": "100"}, "missing_lines": [], "excluded_lines": [], "start_line": 91, "executed_branches": [], "missing_branches": []}, "test_get_client_disable_overrides_provider": {"executed_lines": [99, 100, 102], "summary": {"covered_lines": 3, "num_statements": 3, "percent_covered": 100.0, "percent_covered_display": "100", "missing_lines": 0, "excluded_lines": 0, "percent_statements_covered": 100.0, "percent_statements_covered_display": "100", "num_branches": 0, "num_partial_branches": 0, "covered_branches": 0, "missing_branches": 0, "percent_branches_covered": 100.0, "percent_branches_covered_display": "100"}, "missing_lines": [], "excluded_lines": [], "start_line": 98, "executed_branches": [], "missing_branches": []}, "test_get_client_rejects_unknown_provider": {"executed_lines": [106, 107, 109, 110], "summary": {"covered_lines": 4, "num_statements": 4, "percent_covered": 100.0, "percent_covered_display": "100", "missing_lines": 0, "excluded_lines": 0, "percent_statements_covered": 100.0, "percent_statements_covered_display": "100", "num_branches": 0, "num_partial_branches": 0, "covered_branches": 0, "missing_branches": 0, "percent_branches_covered": 100.0, "percent_branches_covered_display": "100"}, "missing_lines": [], "excluded_lines": [], "start_line": 105, "executed_branches": [], "missing_branches": []}, "test_get_client_constructs_configured_provider": {"executed_lines": [127, 129, 130, 131, 132, 134], "summary": {"covered_lines": 6, "num_statements": 6, "percent_covered": 100.0, "percent_covered_display": "100", "missing_lines": 0, "excluded_lines": 0, "percent_statements_covered": 100.0, "percent_statements_covered_display": "100", "num_branches": 0, "num_partial_branches": 0, "covered_branches": 0, "missing_branches": 0, "percent_branches_covered": 100.0, "percent_branches_covered_display": "100"}, "missing_lines": [], "excluded_lines": [], "start_line": 121, "executed_branches": [], "missing_branches": []}, "test_truthy_env_parser": {"executed_lines": [138, 139, 140, 141, 142], "summary": {"covered_lines": 5, "num_statements": 5, "percent_covered": 100.0, "percent_covered_display": "100", "missing_lines": 0, "excluded_lines": 0, "percent_statements_covered": 100.0, "percent_statements_covered_display": "100", "num_branches": 0, "num_partial_branches": 0, "covered_branches": 0, "missing_branches": 0, "percent_branches_covered": 100.0, "percent_branches_covered_display": "100"}, "missing_lines": [], "excluded_lines": [], "start_line": 137, "executed_branches": [], "missing_branches": []}, "StaticClient.bool_variation": {"executed_lines": [], "summary": {"covered_lines": 0, "num_statements": 1, "percent_covered": 0.0, "percent_covered_display": "0", "missing_lines": 1, "excluded_lines": 0, "percent_statements_covered": 0.0, "percent_statements_covered_display": "0", "num_branches": 0, "num_partial_branches": 0, "covered_branches": 0, "missing_branches": 0, "percent_branches_covered": 100.0, "percent_branches_covered_display": "100"}, "missing_lines": [147], "excluded_lines": [], "start_line": 146, "executed_branches": [], "missing_branches": []}, "StaticClient.string_variation": {"executed_lines": [], "summary": {"covered_lines": 0, "num_statements": 1, "percent_covered": 0.0, "percent_covered_display": "0", "missing_lines": 1, "excluded_lines": 0, "percent_statements_covered": 0.0, "percent_statements_covered_display": "0", "num_branches": 0, "num_partial_branches": 0, "covered_branches": 0, "missing_branches": 0, "percent_branches_covered": 100.0, "percent_branches_covered_display": "100"}, "missing_lines": [150], "excluded_lines": [], "start_line": 149, "executed_branches": [], "missing_branches": []}, "StaticClient.number_variation": {"executed_lines": [], "summary": {"covered_lines": 0, "num_statements": 1, "percent_covered": 0.0, "percent_covered_display": "0", "missing_lines": 1, "excluded_lines": 0, "percent_statements_covered": 0.0, "percent_statements_covered_display": "0", "num_branches": 0, "num_partial_branches": 0, "covered_branches": 0, "missing_branches": 0, "percent_branches_covered": 100.0, "percent_branches_covered_display": "100"}, "missing_lines": [153], "excluded_lines": [], "start_line": 152, "executed_branches": [], "missing_branches": []}, "StaticClient.json_variation": {"executed_lines": [156], "summary": {"covered_lines": 1, "num_statements": 1, "percent_covered": 100.0, "percent_covered_display": "100", "missing_lines": 0, "excluded_lines": 0, "percent_statements_covered": 100.0, "percent_statements_covered_display": "100", "num_branches": 0, "num_partial_branches": 0, "covered_branches": 0, "missing_branches": 0, "percent_branches_covered": 100.0, "percent_branches_covered_display": "100"}, "missing_lines": [], "excluded_lines": [], "start_line": 155, "executed_branches": [], "missing_branches": []}, "BadBoolClient.bool_variation": {"executed_lines": [161], "summary": {"covered_lines": 1, "num_statements": 1, "percent_covered": 100.0, "percent_covered_display": "100", "missing_lines": 0, "excluded_lines": 0, "percent_statements_covered": 100.0, "percent_statements_covered_display": "100", "num_branches": 0, "num_partial_branches": 0, "covered_branches": 0, "missing_branches": 0, "percent_branches_covered": 100.0, "percent_branches_covered_display": "100"}, "missing_lines": [], "excluded_lines": [], "start_line": 160, "executed_branches": [], "missing_branches": []}, "BadJSONClient.json_variation": {"executed_lines": [166], "summary": {"covered_lines": 1, "num_statements": 1, "percent_covered": 100.0, "percent_covered_display": "100", "missing_lines": 0, "excluded_lines": 0, "percent_statements_covered": 100.0, "percent_statements_covered_display": "100", "num_branches": 0, "num_partial_branches": 0, "covered_branches": 0, "missing_branches": 0, "percent_branches_covered": 100.0, "percent_branches_covered_display": "100"}, "missing_lines": [], "excluded_lines": [], "start_line": 165, "executed_branches": [], "missing_branches": []}, "test_client_validator_accepts_json_default_none": {"executed_lines": [170, 172, 173], "summary": {"covered_lines": 3, "num_statements": 3, "percent_covered": 100.0, "percent_covered_display": "100", "missing_lines": 0, "excluded_lines": 0, "percent_statements_covered": 100.0, "percent_statements_covered_display": "100", "num_branches": 0, "num_partial_branches": 0, "covered_branches": 0, "missing_branches": 0, "percent_branches_covered": 100.0, "percent_branches_covered_display": "100"}, "missing_lines": [], "excluded_lines": [], "start_line": 169, "executed_branches": [], "missing_branches": []}, "test_client_validator_rejects_wrong_default_type": {"executed_lines": [177, 179, 180], "summary": {"covered_lines": 3, "num_statements": 3, "percent_covered": 100.0, "percent_covered_display": "100", "missing_lines": 0, "excluded_lines": 0, "percent_statements_covered": 100.0, "percent_statements_covered_display": "100", "num_branches": 0, "num_partial_branches": 0, "covered_branches": 0, "missing_branches": 0, "percent_branches_covered": 100.0, "percent_branches_covered_display": "100"}, "missing_lines": [], "excluded_lines": [], "start_line": 176, "executed_branches": [], "missing_branches": []}, "test_client_validator_rejects_wrong_return_type": {"executed_lines": [184, 186, 187], "summary": {"covered_lines": 3, "num_statements": 3, "percent_covered": 100.0, "percent_covered_display": "100", "missing_lines": 0, "excluded_lines": 0, "percent_statements_covered": 100.0, "percent_statements_covered_display": "100", "num_branches": 0, "num_partial_branches": 0, "covered_branches": 0, "missing_branches": 0, "percent_branches_covered": 100.0, "percent_branches_covered_display": "100"}, "missing_lines": [], "excluded_lines": [], "start_line": 183, "executed_branches": [], "missing_branches": []}, "test_client_validator_rejects_json_none_return": {"executed_lines": [191, 193, 194], "summary": {"covered_lines": 3, "num_statements": 3, "percent_covered": 100.0, "percent_covered_display": "100", "missing_lines": 0, "excluded_lines": 0, "percent_statements_covered": 100.0, "percent_statements_covered_display": "100", "num_branches": 0, "num_partial_branches": 0, "covered_branches": 0, "missing_branches": 0, "percent_branches_covered": 100.0, "percent_branches_covered_display": "100"}, "missing_lines": [], "excluded_lines": [], "start_line": 190, "executed_branches": [], "missing_branches": []}, "FakeClient.__init__": {"executed_lines": [199, 200, 201], "summary": {"covered_lines": 3, "num_statements": 3, "percent_covered": 100.0, "percent_covered_display": "100", "missing_lines": 0, "excluded_lines": 0, "percent_statements_covered": 100.0, "percent_statements_covered_display": "100", "num_branches": 0, "num_partial_branches": 0, "covered_branches": 0, "missing_branches": 0, "percent_branches_covered": 100.0, "percent_branches_covered_display": "100"}, "missing_lines": [], "excluded_lines": [], "start_line": 198, "executed_branches": [], "missing_branches": []}, "FakeClient.bool_variation": {"executed_lines": [204], "summary": {"covered_lines": 1, "num_statements": 1, "percent_covered": 100.0, "percent_covered_display": "100", "missing_lines": 0, "excluded_lines": 0, "percent_statements_covered": 100.0, "percent_statements_covered_display": "100", "num_branches": 0, "num_partial_branches": 0, "covered_branches": 0, "missing_branches": 0, "percent_branches_covered": 100.0, "percent_branches_covered_display": "100"}, "missing_lines": [], "excluded_lines": [], "start_line": 203, "executed_branches": [], "missing_branches": []}, "FakeClient.shutdown": {"executed_lines": [207], "summary": {"covered_lines": 1, "num_statements": 1, "percent_covered": 100.0, "percent_covered_display": "100", "missing_lines": 0, "excluded_lines": 0, "percent_statements_covered": 100.0, "percent_statements_covered_display": "100", "num_branches": 0, "num_partial_branches": 0, "covered_branches": 0, "missing_branches": 0, "percent_branches_covered": 100.0, "percent_branches_covered_display": "100"}, "missing_lines": [], "excluded_lines": [], "start_line": 206, "executed_branches": [], "missing_branches": []}, "prepare_preflight_target": {"executed_lines": [213, 214, 215, 216, 217, 218, 219], "summary": {"covered_lines": 7, "num_statements": 7, "percent_covered": 100.0, "percent_covered_display": "100", "missing_lines": 0, "excluded_lines": 0, "percent_statements_covered": 100.0, "percent_statements_covered_display": "100", "num_branches": 0, "num_partial_branches": 0, "covered_branches": 0, "missing_branches": 0, "percent_branches_covered": 100.0, "percent_branches_covered_display": "100"}, "missing_lines": [], "excluded_lines": [], "start_line": 210, "executed_branches": [], "missing_branches": []}, "test_preflight_skips_mock_client": {"executed_lines": [225, 227, 228, 230, 232], "summary": {"covered_lines": 5, "num_statements": 5, "percent_covered": 100.0, "percent_covered_display": "100", "missing_lines": 0, "excluded_lines": 0, "percent_statements_covered": 100.0, "percent_statements_covered_display": "100", "num_branches": 0, "num_partial_branches": 0, "covered_branches": 0, "missing_branches": 0, "percent_branches_covered": 100.0, "percent_branches_covered_display": "100"}, "missing_lines": [], "excluded_lines": [], "start_line": 222, "executed_branches": [], "missing_branches": []}, "test_preflight_invalidates_partial_parse_when_flags_change": {"executed_lines": [238, 240, 243, 244, 246, 248, 249, 250], "summary": {"covered_lines": 8, "num_statements": 8, "percent_covered": 100.0, "percent_covered_display": "100", "missing_lines": 0, "excluded_lines": 0, "percent_statements_covered": 100.0, "percent_statements_covered_display": "100", "num_branches": 0, "num_partial_branches": 0, "covered_branches": 0, "missing_branches": 0, "percent_branches_covered": 100.0, "percent_branches_covered_display": "100"}, "missing_lines": [], "excluded_lines": [], "start_line": 235, "executed_branches": [], "missing_branches": []}, "test_preflight_keeps_partial_parse_when_flags_match": {"executed_lines": [256, 258, 261, 262, 264, 266, 267, 268], "summary": {"covered_lines": 8, "num_statements": 8, "percent_covered": 100.0, "percent_covered_display": "100", "missing_lines": 0, "excluded_lines": 0, "percent_statements_covered": 100.0, "percent_statements_covered_display": "100", "num_branches": 0, "num_partial_branches": 0, "covered_branches": 0, "missing_branches": 0, "percent_branches_covered": 100.0, "percent_branches_covered_display": "100"}, "missing_lines": [], "excluded_lines": [], "start_line": 253, "executed_branches": [], "missing_branches": []}, "FakeHarnessSDK.bool_variation": {"executed_lines": [273], "summary": {"covered_lines": 1, "num_statements": 1, "percent_covered": 100.0, "percent_covered_display": "100", "missing_lines": 0, "excluded_lines": 0, "percent_statements_covered": 100.0, "percent_statements_covered_display": "100", "num_branches": 0, "num_partial_branches": 0, "covered_branches": 0, "missing_branches": 0, "percent_branches_covered": 100.0, "percent_branches_covered_display": "100"}, "missing_lines": [], "excluded_lines": [], "start_line": 272, "executed_branches": [], "missing_branches": []}, "FakeHarnessSDK.string_variation": {"executed_lines": [276], "summary": {"covered_lines": 1, "num_statements": 1, "percent_covered": 100.0, "percent_covered_display": "100", "missing_lines": 0, "excluded_lines": 0, "percent_statements_covered": 100.0, "percent_statements_covered_display": "100", "num_branches": 0, "num_partial_branches": 0, "covered_branches": 0, "missing_branches": 0, "percent_branches_covered": 100.0, "percent_branches_covered_display": "100"}, "missing_lines": [], "excluded_lines": [], "start_line": 275, "executed_branches": [], "missing_branches": []}, "FakeHarnessSDK.number_variation": {"executed_lines": [281], "summary": {"covered_lines": 1, "num_statements": 1, "percent_covered": 100.0, "percent_covered_display": "100", "missing_lines": 0, "excluded_lines": 0, "percent_statements_covered": 100.0, "percent_statements_covered_display": "100", "num_branches": 0, "num_partial_branches": 0, "covered_branches": 0, "missing_branches": 0, "percent_branches_covered": 100.0, "percent_branches_covered_display": "100"}, "missing_lines": [], "excluded_lines": [], "start_line": 278, "executed_branches": [], "missing_branches": []}, "FakeHarnessSDK.json_variation": {"executed_lines": [286], "summary": {"covered_lines": 1, "num_statements": 1, "percent_covered": 100.0, "percent_covered_display": "100", "missing_lines": 0, "excluded_lines": 0, "percent_statements_covered": 100.0, "percent_statements_covered_display": "100", "num_branches": 0, "num_partial_branches": 0, "covered_branches": 0, "missing_branches": 0, "percent_branches_covered": 100.0, "percent_branches_covered_display": "100"}, "missing_lines": [], "excluded_lines": [], "start_line": 283, "executed_branches": [], "missing_branches": []}, "test_harness_provider_delegates_to_sdk_client": {"executed_lines": [290, 292, 293, 294, 295, 297, 298, 299, 300], "summary": {"covered_lines": 9, "num_statements": 9, "percent_covered": 100.0, "percent_covered_display": "100", "missing_lines": 0, "excluded_lines": 0, "percent_statements_covered": 100.0, "percent_statements_covered_display": "100", "num_branches": 0, "num_partial_branches": 0, "covered_branches": 0, "missing_branches": 0, "percent_branches_covered": 100.0, "percent_branches_covered_display": "100"}, "missing_lines": [], "excluded_lines": [], "start_line": 289, "executed_branches": [], "missing_branches": []}, "FakeLaunchDarklySDK.__init__": {"executed_lines": [308], "summary": {"covered_lines": 1, "num_statements": 1, "percent_covered": 100.0, "percent_covered_display": "100", "missing_lines": 0, "excluded_lines": 0, "percent_statements_covered": 100.0, "percent_statements_covered_display": "100", "num_branches": 0, "num_partial_branches": 0, "covered_branches": 0, "missing_branches": 0, "percent_branches_covered": 100.0, "percent_branches_covered_display": "100"}, "missing_lines": [], "excluded_lines": [], "start_line": 307, "executed_branches": [], "missing_branches": []}, "FakeLaunchDarklySDK.variation": {"executed_lines": [311, 312], "summary": {"covered_lines": 2, "num_statements": 2, "percent_covered": 100.0, "percent_covered_display": "100", "missing_lines": 0, "excluded_lines": 0, "percent_statements_covered": 100.0, "percent_statements_covered_display": "100", "num_branches": 0, "num_partial_branches": 0, "covered_branches": 0, "missing_branches": 0, "percent_branches_covered": 100.0, "percent_branches_covered_display": "100"}, "missing_lines": [], "excluded_lines": [], "start_line": 310, "executed_branches": [], "missing_branches": []}, "test_launchdarkly_provider_uses_context_positional_argument": {"executed_lines": [316, 318, 319, 320, 321, 322, 324, 325, 326], "summary": {"covered_lines": 9, "num_statements": 9, "percent_covered": 100.0, "percent_covered_display": "100", "missing_lines": 0, "excluded_lines": 0, "percent_statements_covered": 100.0, "percent_statements_covered_display": "100", "num_branches": 0, "num_partial_branches": 0, "covered_branches": 0, "missing_branches": 0, "percent_branches_covered": 100.0, "percent_branches_covered_display": "100"}, "missing_lines": [], "excluded_lines": [], "start_line": 315, "executed_branches": [], "missing_branches": []}, "FakeSplitClient.__init__": {"executed_lines": [334, 341], "summary": {"covered_lines": 2, "num_statements": 2, "percent_covered": 100.0, "percent_covered_display": "100", "missing_lines": 0, "excluded_lines": 0, "percent_statements_covered": 100.0, "percent_statements_covered_display": "100", "num_branches": 0, "num_partial_branches": 0, "covered_branches": 0, "missing_branches": 0, "percent_branches_covered": 100.0, "percent_branches_covered_display": "100"}, "missing_lines": [], "excluded_lines": [], "start_line": 333, "executed_branches": [], "missing_branches": []}, "FakeSplitClient.get_treatment": {"executed_lines": [348], "summary": {"covered_lines": 1, "num_statements": 1, "percent_covered": 100.0, "percent_covered_display": "100", "missing_lines": 0, "excluded_lines": 0, "percent_statements_covered": 100.0, "percent_statements_covered_display": "100", "num_branches": 0, "num_partial_branches": 0, "covered_branches": 0, "missing_branches": 0, "percent_branches_covered": 100.0, "percent_branches_covered_display": "100"}, "missing_lines": [], "excluded_lines": [], "start_line": 347, "executed_branches": [], "missing_branches": []}, "FakeSplitClient.get_treatment_with_config": {"executed_lines": [351], "summary": {"covered_lines": 1, "num_statements": 1, "percent_covered": 100.0, "percent_covered_display": "100", "missing_lines": 0, "excluded_lines": 0, "percent_statements_covered": 100.0, "percent_statements_covered_display": "100", "num_branches": 0, "num_partial_branches": 0, "covered_branches": 0, "missing_branches": 0, "percent_branches_covered": 100.0, "percent_branches_covered_display": "100"}, "missing_lines": [], "excluded_lines": [], "start_line": 350, "executed_branches": [], "missing_branches": []}, "test_fme_provider_maps_split_treatments": {"executed_lines": [355, 357, 358, 359, 360, 362, 363, 364, 365, 366, 367, 368, 369], "summary": {"covered_lines": 13, "num_statements": 13, "percent_covered": 100.0, "percent_covered_display": "100", "missing_lines": 0, "excluded_lines": 0, "percent_statements_covered": 100.0, "percent_statements_covered_display": "100", "num_branches": 0, "num_partial_branches": 0, "covered_branches": 0, "missing_branches": 0, "percent_branches_covered": 100.0, "percent_branches_covered_display": "100"}, "missing_lines": [], "excluded_lines": [], "start_line": 354, "executed_branches": [], "missing_branches": []}, "test_fme_shutdown_factories_waits_for_destroy": {"executed_lines": [373, 375, 376, 379, 383, 384, 385, 386, 388, 390], "summary": {"covered_lines": 10, "num_statements": 10, "percent_covered": 100.0, "percent_covered_display": "100", "missing_lines": 0, "excluded_lines": 0, "percent_statements_covered": 100.0, "percent_statements_covered_display": "100", "num_branches": 0, "num_partial_branches": 0, "covered_branches": 0, "missing_branches": 0, "percent_branches_covered": 100.0, "percent_branches_covered_display": "100"}, "missing_lines": [], "excluded_lines": [], "start_line": 372, "executed_branches": [], "missing_branches": []}, "test_fme_shutdown_factories_waits_for_destroy.Factory.__init__": {"executed_lines": [377], "summary": {"covered_lines": 1, "num_statements": 1, "percent_covered": 100.0, "percent_covered_display": "100", "missing_lines": 0, "excluded_lines": 0, "percent_statements_covered": 100.0, "percent_statements_covered_display": "100", "num_branches": 0, "num_partial_branches": 0, "covered_branches": 0, "missing_branches": 0, "percent_branches_covered": 100.0, "percent_branches_covered_display": "100"}, "missing_lines": [], "excluded_lines": [], "start_line": 376, "executed_branches": [], "missing_branches": []}, "test_fme_shutdown_factories_waits_for_destroy.Factory.destroy": {"executed_lines": [380, 381], "summary": {"covered_lines": 2, "num_statements": 2, "percent_covered": 100.0, "percent_covered_display": "100", "missing_lines": 0, "excluded_lines": 0, "percent_statements_covered": 100.0, "percent_statements_covered_display": "100", "num_branches": 0, "num_partial_branches": 0, "covered_branches": 0, "missing_branches": 0, "percent_branches_covered": 100.0, "percent_branches_covered_display": "100"}, "missing_lines": [], "excluded_lines": [], "start_line": 379, "executed_branches": [], "missing_branches": []}, "": {"executed_lines": [1, 2, 3, 4, 6, 8, 9, 10, 12, 15, 32, 72, 91, 98, 105, 113, 121, 137, 145, 146, 149, 152, 155, 159, 160, 164, 165, 169, 176, 183, 190, 197, 198, 203, 206, 210, 222, 235, 253, 271, 272, 275, 278, 283, 289, 306, 307, 310, 315, 332, 333, 347, 350, 354, 372], "summary": {"covered_lines": 55, "num_statements": 55, "percent_covered": 100.0, "percent_covered_display": "100", "missing_lines": 0, "excluded_lines": 0, "percent_statements_covered": 100.0, "percent_statements_covered_display": "100", "num_branches": 0, "num_partial_branches": 0, "covered_branches": 0, "missing_branches": 0, "percent_branches_covered": 100.0, "percent_branches_covered_display": "100"}, "missing_lines": [], "excluded_lines": [], "start_line": 1, "executed_branches": [], "missing_branches": []}}, "classes": {"StaticClient": {"executed_lines": [156], "summary": {"covered_lines": 1, "num_statements": 4, "percent_covered": 25.0, "percent_covered_display": "25", "missing_lines": 3, "excluded_lines": 0, "percent_statements_covered": 25.0, "percent_statements_covered_display": "25", "num_branches": 0, "num_partial_branches": 0, "covered_branches": 0, "missing_branches": 0, "percent_branches_covered": 100.0, "percent_branches_covered_display": "100"}, "missing_lines": [147, 150, 153], "excluded_lines": [], "start_line": 145, "executed_branches": [], "missing_branches": []}, "BadBoolClient": {"executed_lines": [161], "summary": {"covered_lines": 1, "num_statements": 1, "percent_covered": 100.0, "percent_covered_display": "100", "missing_lines": 0, "excluded_lines": 0, "percent_statements_covered": 100.0, "percent_statements_covered_display": "100", "num_branches": 0, "num_partial_branches": 0, "covered_branches": 0, "missing_branches": 0, "percent_branches_covered": 100.0, "percent_branches_covered_display": "100"}, "missing_lines": [], "excluded_lines": [], "start_line": 159, "executed_branches": [], "missing_branches": []}, "BadJSONClient": {"executed_lines": [166], "summary": {"covered_lines": 1, "num_statements": 1, "percent_covered": 100.0, "percent_covered_display": "100", "missing_lines": 0, "excluded_lines": 0, "percent_statements_covered": 100.0, "percent_statements_covered_display": "100", "num_branches": 0, "num_partial_branches": 0, "covered_branches": 0, "missing_branches": 0, "percent_branches_covered": 100.0, "percent_branches_covered_display": "100"}, "missing_lines": [], "excluded_lines": [], "start_line": 164, "executed_branches": [], "missing_branches": []}, "FakeClient": {"executed_lines": [199, 200, 201, 204, 207], "summary": {"covered_lines": 5, "num_statements": 5, "percent_covered": 100.0, "percent_covered_display": "100", "missing_lines": 0, "excluded_lines": 0, "percent_statements_covered": 100.0, "percent_statements_covered_display": "100", "num_branches": 0, "num_partial_branches": 0, "covered_branches": 0, "missing_branches": 0, "percent_branches_covered": 100.0, "percent_branches_covered_display": "100"}, "missing_lines": [], "excluded_lines": [], "start_line": 197, "executed_branches": [], "missing_branches": []}, "FakeHarnessSDK": {"executed_lines": [273, 276, 281, 286], "summary": {"covered_lines": 4, "num_statements": 4, "percent_covered": 100.0, "percent_covered_display": "100", "missing_lines": 0, "excluded_lines": 0, "percent_statements_covered": 100.0, "percent_statements_covered_display": "100", "num_branches": 0, "num_partial_branches": 0, "covered_branches": 0, "missing_branches": 0, "percent_branches_covered": 100.0, "percent_branches_covered_display": "100"}, "missing_lines": [], "excluded_lines": [], "start_line": 271, "executed_branches": [], "missing_branches": []}, "FakeLaunchDarklySDK": {"executed_lines": [308, 311, 312], "summary": {"covered_lines": 3, "num_statements": 3, "percent_covered": 100.0, "percent_covered_display": "100", "missing_lines": 0, "excluded_lines": 0, "percent_statements_covered": 100.0, "percent_statements_covered_display": "100", "num_branches": 0, "num_partial_branches": 0, "covered_branches": 0, "missing_branches": 0, "percent_branches_covered": 100.0, "percent_branches_covered_display": "100"}, "missing_lines": [], "excluded_lines": [], "start_line": 306, "executed_branches": [], "missing_branches": []}, "FakeSplitClient": {"executed_lines": [334, 341, 348, 351], "summary": {"covered_lines": 4, "num_statements": 4, "percent_covered": 100.0, "percent_covered_display": "100", "missing_lines": 0, "excluded_lines": 0, "percent_statements_covered": 100.0, "percent_statements_covered_display": "100", "num_branches": 0, "num_partial_branches": 0, "covered_branches": 0, "missing_branches": 0, "percent_branches_covered": 100.0, "percent_branches_covered_display": "100"}, "missing_lines": [], "excluded_lines": [], "start_line": 332, "executed_branches": [], "missing_branches": []}, "test_fme_shutdown_factories_waits_for_destroy.Factory": {"executed_lines": [377, 380, 381], "summary": {"covered_lines": 3, "num_statements": 3, "percent_covered": 100.0, "percent_covered_display": "100", "missing_lines": 0, "excluded_lines": 0, "percent_statements_covered": 100.0, "percent_statements_covered_display": "100", "num_branches": 0, "num_partial_branches": 0, "covered_branches": 0, "missing_branches": 0, "percent_branches_covered": 100.0, "percent_branches_covered_display": "100"}, "missing_lines": [], "excluded_lines": [], "start_line": 375, "executed_branches": [], "missing_branches": []}, "": {"executed_lines": [1, 2, 3, 4, 6, 8, 9, 10, 12, 15, 20, 32, 72, 79, 80, 82, 88, 91, 92, 93, 95, 98, 99, 100, 102, 105, 106, 107, 109, 110, 113, 121, 127, 129, 130, 131, 132, 134, 137, 138, 139, 140, 141, 142, 145, 146, 149, 152, 155, 159, 160, 164, 165, 169, 170, 172, 173, 176, 177, 179, 180, 183, 184, 186, 187, 190, 191, 193, 194, 197, 198, 203, 206, 210, 213, 214, 215, 216, 217, 218, 219, 222, 225, 227, 228, 230, 232, 235, 238, 240, 243, 244, 246, 248, 249, 250, 253, 256, 258, 261, 262, 264, 266, 267, 268, 271, 272, 275, 278, 283, 289, 290, 292, 293, 294, 295, 297, 298, 299, 300, 306, 307, 310, 315, 316, 318, 319, 320, 321, 322, 324, 325, 326, 332, 333, 347, 350, 354, 355, 357, 358, 359, 360, 362, 363, 364, 365, 366, 367, 368, 369, 372, 373, 375, 376, 379, 383, 384, 385, 386, 388, 390], "summary": {"covered_lines": 162, "num_statements": 162, "percent_covered": 100.0, "percent_covered_display": "100", "missing_lines": 0, "excluded_lines": 0, "percent_statements_covered": 100.0, "percent_statements_covered_display": "100", "num_branches": 0, "num_partial_branches": 0, "covered_branches": 0, "missing_branches": 0, "percent_branches_covered": 100.0, "percent_branches_covered_display": "100"}, "missing_lines": [], "excluded_lines": [], "start_line": 1, "executed_branches": [], "missing_branches": []}}}}, "totals": {"covered_lines": 295, "num_statements": 457, "percent_covered": 63.76237623762376, "percent_covered_display": "64", "missing_lines": 162, "excluded_lines": 0, "percent_statements_covered": 64.55142231947484, "percent_statements_covered_display": "65", "num_branches": 48, "num_partial_branches": 5, "covered_branches": 27, "missing_branches": 21, "percent_branches_covered": 56.25, "percent_branches_covered_display": "56"}}