{"meta": {"format": 3, "version": "7.15.0", "timestamp": "2026-07-05T00:17:30.691120", "branch_coverage": true, "show_contexts": false}, "files": {"dbt_feature_flags/patch.py": {"executed_lines": [35, 43, 45, 47, 48, 56, 64, 73, 74, 84, 85, 86, 87, 88, 94, 102, 104, 105], "summary": {"covered_lines": 18, "num_statements": 52, "percent_covered": 32.857142857142854, "percent_covered_display": "33", "missing_lines": 34, "excluded_lines": 0, "percent_statements_covered": 34.61538461538461, "percent_statements_covered_display": "35", "num_branches": 18, "num_partial_branches": 5, "covered_branches": 5, "missing_branches": 13, "percent_branches_covered": 27.77777777777778, "percent_branches_covered_display": "28"}, "missing_lines": [14, 16, 17, 18, 19, 21, 23, 26, 27, 28, 29, 30, 33, 38, 46, 49, 50, 51, 52, 53, 54, 59, 67, 76, 77, 90, 91, 92, 93, 96, 97, 100, 108, 109], "excluded_lines": [], "executed_branches": [[45, 47], [47, 48], [56, 64], [73, 74], [84, 85]], "missing_branches": [[45, 46], [47, 49], [49, 50], [49, 51], [51, 52], [51, 53], [53, 54], [53, 56], [56, 59], [73, 76], [84, 90], [108, -1], [108, 109]], "functions": {"_is_truthy": {"executed_lines": [35], "summary": {"covered_lines": 1, "num_statements": 1, "percent_covered": 100.0, "percent_covered_display": "100", "missing_lines": 0, "excluded_lines": 0, "percent_statements_covered": 100.0, "percent_statements_covered_display": "100", "num_branches": 0, "num_partial_branches": 0, "covered_branches": 0, "missing_branches": 0, "percent_branches_covered": 100.0, "percent_branches_covered_display": "100"}, "missing_lines": [], "excluded_lines": [], "start_line": 33, "executed_branches": [], "missing_branches": []}, "_get_client": {"executed_lines": [43, 45, 47, 48, 56, 64], "summary": {"covered_lines": 6, "num_statements": 14, "percent_covered": 34.61538461538461, "percent_covered_display": "35", "missing_lines": 8, "excluded_lines": 0, "percent_statements_covered": 42.857142857142854, "percent_statements_covered_display": "43", "num_branches": 12, "num_partial_branches": 3, "covered_branches": 3, "missing_branches": 9, "percent_branches_covered": 25.0, "percent_branches_covered_display": "25"}, "missing_lines": [46, 49, 50, 51, 52, 53, 54, 59], "excluded_lines": [], "start_line": 38, "executed_branches": [[45, 47], [47, 48], [56, 64]], "missing_branches": [[45, 46], [47, 49], [49, 50], [49, 51], [51, 52], [51, 53], [53, 54], [53, 56], [56, 59]]}, "get_rendered": {"executed_lines": [73, 74], "summary": {"covered_lines": 2, "num_statements": 6, "percent_covered": 37.5, "percent_covered_display": "38", "missing_lines": 4, "excluded_lines": 0, "percent_statements_covered": 33.333333333333336, "percent_statements_covered_display": "33", "num_branches": 2, "num_partial_branches": 1, "covered_branches": 1, "missing_branches": 1, "percent_branches_covered": 50.0, "percent_branches_covered_display": "50"}, "missing_lines": [76, 77, 96, 97], "excluded_lines": [], "start_line": 67, "executed_branches": [[73, 74]], "missing_branches": [[73, 76]]}, "get_rendered._wrapped": {"executed_lines": [84, 85, 86, 87, 88, 94], "summary": {"covered_lines": 6, "num_statements": 10, "percent_covered": 58.333333333333336, "percent_covered_display": "58", "missing_lines": 4, "excluded_lines": 0, "percent_statements_covered": 60.0, "percent_statements_covered_display": "60", "num_branches": 2, "num_partial_branches": 1, "covered_branches": 1, "missing_branches": 1, "percent_branches_covered": 50.0, "percent_branches_covered_display": "50"}, "missing_lines": [90, 91, 92, 93], "excluded_lines": [], "start_line": 77, "executed_branches": [[84, 85]], "missing_branches": [[84, 90]]}, "patch_dbt_environment": {"executed_lines": [102, 104, 105], "summary": {"covered_lines": 3, "num_statements": 3, "percent_covered": 100.0, "percent_covered_display": "100", "missing_lines": 0, "excluded_lines": 0, "percent_statements_covered": 100.0, "percent_statements_covered_display": "100", "num_branches": 0, "num_partial_branches": 0, "covered_branches": 0, "missing_branches": 0, "percent_branches_covered": 100.0, "percent_branches_covered_display": "100"}, "missing_lines": [], "excluded_lines": [], "start_line": 100, "executed_branches": [], "missing_branches": []}, "": {"executed_lines": [], "summary": {"covered_lines": 0, "num_statements": 18, "percent_covered": 0.0, "percent_covered_display": "0", "missing_lines": 18, "excluded_lines": 0, "percent_statements_covered": 0.0, "percent_statements_covered_display": "0", "num_branches": 2, "num_partial_branches": 0, "covered_branches": 0, "missing_branches": 2, "percent_branches_covered": 0.0, "percent_branches_covered_display": "0"}, "missing_lines": [14, 16, 17, 18, 19, 21, 23, 26, 27, 28, 29, 30, 33, 38, 67, 100, 108, 109], "excluded_lines": [], "start_line": 1, "executed_branches": [], "missing_branches": [[108, -1], [108, 109]]}}, "classes": {"SupportedProviders": {"executed_lines": [], "summary": {"covered_lines": 0, "num_statements": 0, "percent_covered": 100.0, "percent_covered_display": "100", "missing_lines": 0, "excluded_lines": 0, "percent_statements_covered": 100.0, "percent_statements_covered_display": "100", "num_branches": 0, "num_partial_branches": 0, "covered_branches": 0, "missing_branches": 0, "percent_branches_covered": 100.0, "percent_branches_covered_display": "100"}, "missing_lines": [], "excluded_lines": [], "start_line": 26, "executed_branches": [], "missing_branches": []}, "": {"executed_lines": [35, 43, 45, 47, 48, 56, 64, 73, 74, 84, 85, 86, 87, 88, 94, 102, 104, 105], "summary": {"covered_lines": 18, "num_statements": 52, "percent_covered": 32.857142857142854, "percent_covered_display": "33", "missing_lines": 34, "excluded_lines": 0, "percent_statements_covered": 34.61538461538461, "percent_statements_covered_display": "35", "num_branches": 18, "num_partial_branches": 5, "covered_branches": 5, "missing_branches": 13, "percent_branches_covered": 27.77777777777778, "percent_branches_covered_display": "28"}, "missing_lines": [14, 16, 17, 18, 19, 21, 23, 26, 27, 28, 29, 30, 33, 38, 46, 49, 50, 51, 52, 53, 54, 59, 67, 76, 77, 90, 91, 92, 93, 96, 97, 100, 108, 109], "excluded_lines": [], "start_line": 1, "executed_branches": [[45, 47], [47, 48], [56, 64], [73, 74], [84, 85]], "missing_branches": [[45, 46], [47, 49], [49, 50], [49, 51], [51, 52], [51, 53], [53, 54], [53, 56], [56, 59], [73, 76], [84, 90], [108, -1], [108, 109]]}}}, "tests/__init__.py": {"executed_lines": [], "summary": {"covered_lines": 0, "num_statements": 0, "percent_covered": 100.0, "percent_covered_display": "100", "missing_lines": 0, "excluded_lines": 0, "percent_statements_covered": 100.0, "percent_statements_covered_display": "100", "num_branches": 0, "num_partial_branches": 0, "covered_branches": 0, "missing_branches": 0, "percent_branches_covered": 100.0, "percent_branches_covered_display": "100"}, "missing_lines": [], "excluded_lines": [], "executed_branches": [], "missing_branches": [], "functions": {"": {"executed_lines": [], "summary": {"covered_lines": 0, "num_statements": 0, "percent_covered": 100.0, "percent_covered_display": "100", "missing_lines": 0, "excluded_lines": 0, "percent_statements_covered": 100.0, "percent_statements_covered_display": "100", "num_branches": 0, "num_partial_branches": 0, "covered_branches": 0, "missing_branches": 0, "percent_branches_covered": 100.0, "percent_branches_covered_display": "100"}, "missing_lines": [], "excluded_lines": [], "start_line": 1, "executed_branches": [], "missing_branches": []}}, "classes": {"": {"executed_lines": [], "summary": {"covered_lines": 0, "num_statements": 0, "percent_covered": 100.0, "percent_covered_display": "100", "missing_lines": 0, "excluded_lines": 0, "percent_statements_covered": 100.0, "percent_statements_covered_display": "100", "num_branches": 0, "num_partial_branches": 0, "covered_branches": 0, "missing_branches": 0, "percent_branches_covered": 100.0, "percent_branches_covered_display": "100"}, "missing_lines": [], "excluded_lines": [], "start_line": 1, "executed_branches": [], "missing_branches": []}}}, "tests/test_dbt_feature_flags.py": {"executed_lines": [1, 3, 6, 7, 8, 10, 28, 29, 30, 32, 50, 51, 52, 54, 72, 73, 74, 76, 94, 95, 96, 98], "summary": {"covered_lines": 22, "num_statements": 22, "percent_covered": 100.0, "percent_covered_display": "100", "missing_lines": 0, "excluded_lines": 0, "percent_statements_covered": 100.0, "percent_statements_covered_display": "100", "num_branches": 0, "num_partial_branches": 0, "covered_branches": 0, "missing_branches": 0, "percent_branches_covered": 100.0, "percent_branches_covered_display": "100"}, "missing_lines": [], "excluded_lines": [], "executed_branches": [], "missing_branches": [], "functions": {"test_ff_eval_1": {"executed_lines": [7, 8, 10], "summary": {"covered_lines": 3, "num_statements": 3, "percent_covered": 100.0, "percent_covered_display": "100", "missing_lines": 0, "excluded_lines": 0, "percent_statements_covered": 100.0, "percent_statements_covered_display": "100", "num_branches": 0, "num_partial_branches": 0, "covered_branches": 0, "missing_branches": 0, "percent_branches_covered": 100.0, "percent_branches_covered_display": "100"}, "missing_lines": [], "excluded_lines": [], "start_line": 6, "executed_branches": [], "missing_branches": []}, "test_ff_eval_2": {"executed_lines": [29, 30, 32], "summary": {"covered_lines": 3, "num_statements": 3, "percent_covered": 100.0, "percent_covered_display": "100", "missing_lines": 0, "excluded_lines": 0, "percent_statements_covered": 100.0, "percent_statements_covered_display": "100", "num_branches": 0, "num_partial_branches": 0, "covered_branches": 0, "missing_branches": 0, "percent_branches_covered": 100.0, "percent_branches_covered_display": "100"}, "missing_lines": [], "excluded_lines": [], "start_line": 28, "executed_branches": [], "missing_branches": []}, "test_ff_eval_nested": {"executed_lines": [51, 52, 54], "summary": {"covered_lines": 3, "num_statements": 3, "percent_covered": 100.0, "percent_covered_display": "100", "missing_lines": 0, "excluded_lines": 0, "percent_statements_covered": 100.0, "percent_statements_covered_display": "100", "num_branches": 0, "num_partial_branches": 0, "covered_branches": 0, "missing_branches": 0, "percent_branches_covered": 100.0, "percent_branches_covered_display": "100"}, "missing_lines": [], "excluded_lines": [], "start_line": 50, "executed_branches": [], "missing_branches": []}, "test_ff_eval_with_var": {"executed_lines": [73, 74, 76], "summary": {"covered_lines": 3, "num_statements": 3, "percent_covered": 100.0, "percent_covered_display": "100", "missing_lines": 0, "excluded_lines": 0, "percent_statements_covered": 100.0, "percent_statements_covered_display": "100", "num_branches": 0, "num_partial_branches": 0, "covered_branches": 0, "missing_branches": 0, "percent_branches_covered": 100.0, "percent_branches_covered_display": "100"}, "missing_lines": [], "excluded_lines": [], "start_line": 72, "executed_branches": [], "missing_branches": []}, "test_ff_eval_with_var_overriden_by_cli": {"executed_lines": [95, 96, 98], "summary": {"covered_lines": 3, "num_statements": 3, "percent_covered": 100.0, "percent_covered_display": "100", "missing_lines": 0, "excluded_lines": 0, "percent_statements_covered": 100.0, "percent_statements_covered_display": "100", "num_branches": 0, "num_partial_branches": 0, "covered_branches": 0, "missing_branches": 0, "percent_branches_covered": 100.0, "percent_branches_covered_display": "100"}, "missing_lines": [], "excluded_lines": [], "start_line": 94, "executed_branches": [], "missing_branches": []}, "": {"executed_lines": [1, 3, 6, 28, 50, 72, 94], "summary": {"covered_lines": 7, "num_statements": 7, "percent_covered": 100.0, "percent_covered_display": "100", "missing_lines": 0, "excluded_lines": 0, "percent_statements_covered": 100.0, "percent_statements_covered_display": "100", "num_branches": 0, "num_partial_branches": 0, "covered_branches": 0, "missing_branches": 0, "percent_branches_covered": 100.0, "percent_branches_covered_display": "100"}, "missing_lines": [], "excluded_lines": [], "start_line": 1, "executed_branches": [], "missing_branches": []}}, "classes": {"": {"executed_lines": [1, 3, 6, 7, 8, 10, 28, 29, 30, 32, 50, 51, 52, 54, 72, 73, 74, 76, 94, 95, 96, 98], "summary": {"covered_lines": 22, "num_statements": 22, "percent_covered": 100.0, "percent_covered_display": "100", "missing_lines": 0, "excluded_lines": 0, "percent_statements_covered": 100.0, "percent_statements_covered_display": "100", "num_branches": 0, "num_partial_branches": 0, "covered_branches": 0, "missing_branches": 0, "percent_branches_covered": 100.0, "percent_branches_covered_display": "100"}, "missing_lines": [], "excluded_lines": [], "start_line": 1, "executed_branches": [], "missing_branches": []}}}}, "totals": {"covered_lines": 40, "num_statements": 74, "percent_covered": 48.91304347826087, "percent_covered_display": "49", "missing_lines": 34, "excluded_lines": 0, "percent_statements_covered": 54.054054054054056, "percent_statements_covered_display": "54", "num_branches": 18, "num_partial_branches": 5, "covered_branches": 5, "missing_branches": 13, "percent_branches_covered": 27.77777777777778, "percent_branches_covered_display": "28"}}